This is pdfTeX, Version 3.1415926-2.5-1.40.14 (TeX Live 2013/Debian) (format=pdflatex 2014.11.18)  26 FEB 2015 17:09
entering extended mode
 restricted \write18 enabled.
 %&-line parsing enabled.
**springer.tex
(./springer.tex
LaTeX2e <2011/06/27>
Babel <3.9h> and hyphenation patterns for 2 languages loaded.
(./svmono.cls
Document Class: svmono 2005/06/20 v4.9 
Springer Verlag global LaTeX document class for monographs
Class Springer-SVMono Info: extra/valid Springer sub-package 
(Springer-SVMono)           not found in option list - using "global" style.
(/usr/share/texlive/texmf-dist/tex/latex/base/article.cls
Document Class: article 2007/10/19 v1.4h Standard LaTeX document class
(/usr/share/texlive/texmf-dist/tex/latex/base/size11.clo
File: size11.clo 2007/10/19 v1.4h Standard LaTeX file (size option)
)
\c@part=\count79
\c@section=\count80
\c@subsection=\count81
\c@subsubsection=\count82
\c@paragraph=\count83
\c@subparagraph=\count84
\c@figure=\count85
\c@table=\count86
\abovecaptionskip=\skip41
\belowcaptionskip=\skip42
\bibindent=\dimen102
)
\betweenumberspace=\dimen103
\headlineindent=\dimen104
\c@chapter=\count87
\chapstarthookwidth=\dimen105
\svitemindent=\dimen106
\verbatimindent=\dimen107
LaTeX Font Info:    Redeclaring math symbol \Gamma on input line 642.
LaTeX Font Info:    Redeclaring math symbol \Delta on input line 643.
LaTeX Font Info:    Redeclaring math symbol \Theta on input line 644.
LaTeX Font Info:    Redeclaring math symbol \Lambda on input line 645.
LaTeX Font Info:    Redeclaring math symbol \Xi on input line 646.
LaTeX Font Info:    Redeclaring math symbol \Pi on input line 647.
LaTeX Font Info:    Redeclaring math symbol \Sigma on input line 648.
LaTeX Font Info:    Redeclaring math symbol \Upsilon on input line 649.
LaTeX Font Info:    Redeclaring math symbol \Phi on input line 650.
LaTeX Font Info:    Redeclaring math symbol \Psi on input line 651.
LaTeX Font Info:    Redeclaring math symbol \Omega on input line 652.
\tocchpnum=\dimen108
\tocsecnum=\dimen109
\tocsectotal=\dimen110
\tocsubsecnum=\dimen111
\tocsubsectotal=\dimen112
\tocsubsubsecnum=\dimen113
\tocsubsubsectotal=\dimen114
\tocparanum=\dimen115
\tocparatotal=\dimen116
\tocsubparanum=\dimen117
\foot@parindent=\dimen118
\spthmsep=\dimen119
\c@theorem=\count88
\c@prob=\count89
\instindent=\dimen120
\figgap=\dimen121
\figcapgap=\dimen122
\tabcapgap=\dimen123
\c@merk=\count90
)
(/usr/share/texlive/texmf-dist/tex/latex/base/makeidx.sty
Package: makeidx 2000/03/29 v1.0m Standard LaTeX package
)
(/usr/share/texlive/texmf-dist/tex/latex/graphics/graphicx.sty
Package: graphicx 1999/02/16 v1.0f Enhanced LaTeX Graphics (DPC,SPQR)

(/usr/share/texlive/texmf-dist/tex/latex/graphics/keyval.sty
Package: keyval 1999/03/16 v1.13 key=value parser (DPC)
\KV@toks@=\toks14
)
(/usr/share/texlive/texmf-dist/tex/latex/graphics/graphics.sty
Package: graphics 2009/02/05 v1.0o Standard LaTeX Graphics (DPC,SPQR)

(/usr/share/texlive/texmf-dist/tex/latex/graphics/trig.sty
Package: trig 1999/03/16 v1.09 sin cos tan (DPC)
)
(/usr/share/texlive/texmf-dist/tex/latex/latexconfig/graphics.cfg
File: graphics.cfg 2010/04/23 v1.9 graphics configuration of TeX Live
)
Package graphics Info: Driver file: pdftex.def on input line 91.

(/usr/share/texlive/texmf-dist/tex/latex/pdftex-def/pdftex.def
File: pdftex.def 2011/05/27 v0.06d Graphics/color for pdfTeX

(/usr/share/texlive/texmf-dist/tex/generic/oberdiek/infwarerr.sty
Package: infwarerr 2010/04/08 v1.3 Providing info/warning/error messages (HO)
)
(/usr/share/texlive/texmf-dist/tex/generic/oberdiek/ltxcmds.sty
Package: ltxcmds 2011/11/09 v1.22 LaTeX kernel commands for general use (HO)
)
\Gread@gobject=\count91
))
\Gin@req@height=\dimen124
\Gin@req@width=\dimen125
)
(/usr/share/texlive/texmf-dist/tex/latex/tools/multicol.sty
Package: multicol 2011/06/27 v1.7a multicolumn formatting (FMi)
\c@tracingmulticols=\count92
\mult@box=\box26
\multicol@leftmargin=\dimen126
\c@unbalance=\count93
\c@collectmore=\count94
\doublecol@number=\count95
\multicoltolerance=\count96
\multicolpretolerance=\count97
\full@width=\dimen127
\page@free=\dimen128
\premulticols=\dimen129
\postmulticols=\dimen130
\multicolsep=\skip43
\multicolbaselineskip=\skip44
\partial@page=\box27
\last@line=\box28
\mult@rightbox=\box29
\mult@grightbox=\box30
\mult@gfirstbox=\box31
\mult@firstbox=\box32
\@tempa=\box33
\@tempa=\box34
\@tempa=\box35
\@tempa=\box36
\@tempa=\box37
\@tempa=\box38
\@tempa=\box39
\@tempa=\box40
\@tempa=\box41
\@tempa=\box42
\@tempa=\box43
\@tempa=\box44
\@tempa=\box45
\@tempa=\box46
\@tempa=\box47
\@tempa=\box48
\@tempa=\box49
\c@columnbadness=\count98
\c@finalcolumnbadness=\count99
\last@try=\dimen131
\multicolovershoot=\dimen132
\multicolundershoot=\dimen133
\mult@nat@firstbox=\box50
\colbreak@box=\box51
\multicol@sort@counter=\count100
)
(/usr/share/texlive/texmf-dist/tex/latex/footmisc/footmisc.sty
Package: footmisc 2011/06/06 v5.5b a miscellany of footnote facilities
\FN@temptoken=\toks15
\footnotemargin=\dimen134
\c@pp@next@reset=\count101
Package footmisc Info: Declaring symbol style bringhurst on input line 855.
Package footmisc Info: Declaring symbol style chicago on input line 863.
Package footmisc Info: Declaring symbol style wiley on input line 872.
Package footmisc Info: Declaring symbol style lamport-robust on input line 883.

Package footmisc Info: Declaring symbol style lamport* on input line 903.
Package footmisc Info: Declaring symbol style lamport*-robust on input line 924
.
)
(/usr/share/texlive/texmf-dist/tex/latex/amsfonts/amsfonts.sty
Package: amsfonts 2013/01/14 v3.01 Basic AMSFonts support
\@emptytoks=\toks16
\symAMSa=\mathgroup4
\symAMSb=\mathgroup5
LaTeX Font Info:    Overwriting math alphabet `\mathfrak' in version `bold'
(Font)                  U/euf/m/n --> U/euf/b/n on input line 106.
)
(/usr/share/texlive/texmf-dist/tex/latex/psfrag/psfrag.sty
Package: psfrag 1998/04/11 v3.04 PSfrag (MCG)
\pfg@pcount=\count102
\pfg@scount=\count103
\pfg@temp=\write3
)
\c@function=\count104
\c@algorithm=\count105
\c@assumption=\count106
\@indexfile=\write4
\openout4 = `springer.idx'.


Writing index file springer.idx
(./springer.aux (./dedic.aux)

LaTeX Warning: Label `sec2.2' multiply defined.

)
\openout1 = `springer.aux'.

LaTeX Font Info:    Checking defaults for OML/cmm/m/it on input line 27.
LaTeX Font Info:    ... okay on input line 27.
LaTeX Font Info:    Checking defaults for T1/cmr/m/n on input line 27.
LaTeX Font Info:    ... okay on input line 27.
LaTeX Font Info:    Checking defaults for OT1/cmr/m/n on input line 27.
LaTeX Font Info:    ... okay on input line 27.
LaTeX Font Info:    Checking defaults for OMS/cmsy/m/n on input line 27.
LaTeX Font Info:    ... okay on input line 27.
LaTeX Font Info:    Checking defaults for OMX/cmex/m/n on input line 27.
LaTeX Font Info:    ... okay on input line 27.
LaTeX Font Info:    Checking defaults for U/cmr/m/n on input line 27.
LaTeX Font Info:    ... okay on input line 27.
 (/usr/share/texlive/texmf-dist/tex/context/base/supp-pdf.mkii
[Loading MPS to PDF converter (version 2006.09.02).]
\scratchcounter=\count107
\scratchdimen=\dimen135
\scratchbox=\box52
\nofMPsegments=\count108
\nofMParguments=\count109
\everyMPshowfont=\toks17
\MPscratchCnt=\count110
\MPscratchDim=\dimen136
\MPnumerator=\count111
\makeMPintoPDFobject=\count112
\everyMPtoPDFconversion=\toks18
) (/usr/share/texlive/texmf-dist/tex/generic/oberdiek/pdftexcmds.sty
Package: pdftexcmds 2011/11/29 v0.20 Utility functions of pdfTeX for LuaTeX (HO
)

(/usr/share/texlive/texmf-dist/tex/generic/oberdiek/ifluatex.sty
Package: ifluatex 2010/03/01 v1.3 Provides the ifluatex switch (HO)
Package ifluatex Info: LuaTeX not detected.
)
(/usr/share/texlive/texmf-dist/tex/generic/oberdiek/ifpdf.sty
Package: ifpdf 2011/01/30 v2.3 Provides the ifpdf switch (HO)
Package ifpdf Info: pdfTeX in PDF mode is detected.
)
Package pdftexcmds Info: LuaTeX not detected.
Package pdftexcmds Info: \pdf@primitive is available.
Package pdftexcmds Info: \pdf@ifprimitive is available.
Package pdftexcmds Info: \pdfdraftmode found.
)
(/usr/share/texlive/texmf-dist/tex/latex/oberdiek/epstopdf-base.sty
Package: epstopdf-base 2010/02/09 v2.5 Base part for package epstopdf

(/usr/share/texlive/texmf-dist/tex/latex/oberdiek/grfext.sty
Package: grfext 2010/08/19 v1.1 Manage graphics extensions (HO)

(/usr/share/texlive/texmf-dist/tex/generic/oberdiek/kvdefinekeys.sty
Package: kvdefinekeys 2011/04/07 v1.3 Define keys (HO)
))
(/usr/share/texlive/texmf-dist/tex/latex/oberdiek/kvoptions.sty
Package: kvoptions 2011/06/30 v3.11 Key value format for package options (HO)

(/usr/share/texlive/texmf-dist/tex/generic/oberdiek/kvsetkeys.sty
Package: kvsetkeys 2012/04/25 v1.16 Key value parser (HO)

(/usr/share/texlive/texmf-dist/tex/generic/oberdiek/etexcmds.sty
Package: etexcmds 2011/02/16 v1.5 Avoid name clashes with e-TeX commands (HO)
Package etexcmds Info: Could not find \expanded.
(etexcmds)             That can mean that you are not using pdfTeX 1.50 or
(etexcmds)             that some package has redefined \expanded.
(etexcmds)             In the latter case, load this package earlier.
)))
Package grfext Info: Graphics extension search list:
(grfext)             [.png,.pdf,.jpg,.mps,.jpeg,.jbig2,.jb2,.PNG,.PDF,.JPG,.JPE
G,.JBIG2,.JB2,.eps]
(grfext)             \AppendGraphicsExtensions on input line 452.

(/usr/share/texlive/texmf-dist/tex/latex/latexconfig/epstopdf-sys.cfg
File: epstopdf-sys.cfg 2010/07/13 v1.3 Configuration of (r)epstopdf for TeX Liv
e
))

LaTeX Warning: No \author given.

[1
Non-PDF special ignored!

{/var/lib/texmf/fonts/map/pdftex/updmap/pdftex.map}]
[2


]
\openout2 = `dedic.aux'.

 (./dedic.tex) [5

] [6



]
LaTeX Font Info:    Try loading font information for U+msa on input line 43.

(/usr/share/texlive/texmf-dist/tex/latex/amsfonts/umsa.fd
File: umsa.fd 2013/01/14 v3.01 AMS symbols A
)
LaTeX Font Info:    Try loading font information for U+msb on input line 43.

(/usr/share/texlive/texmf-dist/tex/latex/amsfonts/umsb.fd
File: umsb.fd 2013/01/14 v3.01 AMS symbols B
)
No file springer.toc.
\tf@toc=\write5
\openout5 = `springer.toc'.

[7] [8


] (./certi.tex
Underfull \hbox (badness 10000) in paragraph at lines 10--18

 []


Underfull \hbox (badness 10000) in paragraph at lines 10--18

 []


Underfull \hbox (badness 10000) in paragraph at lines 10--18

 []


Underfull \hbox (badness 10000) in paragraph at lines 10--18

 []


Underfull \hbox (badness 10000) in paragraph at lines 10--18

 []


Underfull \hbox (badness 10000) in paragraph at lines 10--18

 []

[1


]) (./abstract.tex [2]
Underfull \hbox (badness 10000) in paragraph at lines 9--16

 []

) (./chap2.tex [3


] [4


]
Chapter 1.

Underfull \hbox (badness 10000) in paragraph at lines 11--18

 []


LaTeX Warning: Citation `u1' on page 5 undefined on input line 36.

[5] (./temporal-logics.tex

LaTeX Warning: Citation `r17' on page 6 undefined on input line 1.


LaTeX Warning: Citation `r14' on page 6 undefined on input line 2.

[6] <../temporal-logics/diag23.png, id=50, 974.64125pt x 568.1225pt>
File: ../temporal-logics/diag23.png Graphic file (type png)

<use ../temporal-logics/diag23.png>
Package pdftex.def Info: ../temporal-logics/diag23.png used on input line 49.
(pdftex.def)             Requested size: 252.93971pt x 144.53555pt.
 [7 <../temporal-logics/diag23.png>]
[8]

LaTeX Warning: Citation `r15' on page 9 undefined on input line 144.


Overfull \hbox (31.26938pt too wide) in alignment at lines 155--163
 [][][] []
 []

LaTeX Font Info:    Try loading font information for OMS+cmr on input line 170.

(/usr/share/texlive/texmf-dist/tex/latex/base/omscmr.fd
File: omscmr.fd 1999/05/25 v2.5h Standard LaTeX font definitions
)
LaTeX Font Info:    Font shape `OMS/cmr/m/n' in size <10.95> not available
(Font)              Font shape `OMS/cmsy/m/n' tried instead on input line 170.
 [9]

! LaTeX Error: Environment comment undefined.

See the LaTeX manual or LaTeX Companion for explanation.
Type  H <return>  for immediate help.
 ...                                              
                                                  
l.234 \begin{comment}
                     
Your command was ignored.
Type  I <command> <return>  to replace it with another command,
or  <return>  to continue without it.

[10] <../temporal-logics/diag24.png, id=69, 1350.04375pt x 675.52374pt>
File: ../temporal-logics/diag24.png Graphic file (type png)

<use ../temporal-logics/diag24.png>
Package pdftex.def Info: ../temporal-logics/diag24.png used on input line 288.
(pdftex.def)             Requested size: 289.07954pt x 180.67247pt.
 [11]
<../temporal-logics/diag25.png, id=73, 635.37375pt x 613.29124pt>
File: ../temporal-logics/diag25.png Graphic file (type png)

<use ../temporal-logics/diag25.png>
Package pdftex.def Info: ../temporal-logics/diag25.png used on input line 304.
(pdftex.def)             Requested size: 252.94281pt x 180.67603pt.
 [12 <../temporal-logics/diag24.png>]
<../temporal-logics/diag26.png, id=77, 1355.0625pt x 550.055pt>
File: ../temporal-logics/diag26.png Graphic file (type png)

<use ../temporal-logics/diag26.png>
Package pdftex.def Info: ../temporal-logics/diag26.png used on input line 341.
(pdftex.def)             Requested size: 310.74805pt x 180.67099pt.


LaTeX Warning: Reference `fig2.7' on page 13 undefined on input line 367.

[13 <../temporal-logics/diag25.png>]
<../temporal-logics/diag27.png, id=82, 1352.05125pt x 683.55376pt>
File: ../temporal-logics/diag27.png Graphic file (type png)

<use ../temporal-logics/diag27.png>
Package pdftex.def Info: ../temporal-logics/diag27.png used on input line 372.
(pdftex.def)             Requested size: 289.07616pt x 180.67152pt.
 [14 <../temporal-logics/diag26.png> <../temporal-logics/diag27.png>]

! LaTeX Error: \begin{document} ended by \end{comment}.

See the LaTeX manual or LaTeX Companion for explanation.
Type  H <return>  for immediate help.
 ...                                              
                                                  
l.401 \end{comment}
                   
Your command was ignored.
Type  I <command> <return>  to replace it with another command,
or  <return>  to continue without it.


Overfull \hbox (34.92072pt too wide) detected at line 429
\OML/cmm/m/it/10.95 ^^Y  \OMS/cmsy/m/n/10.95 j[][]  \OML/cmm/m/it/10.95 f U[] g
[]\OMS/cmsy/m/n/10.95 9\OML/cmm/m/it/10.95 k; a \OMS/cmsy/m/n/10.95 ^^T \OML/cm
m/m/it/10.95 k \OMS/cmsy/m/n/10.95 ^^T \OML/cmm/m/it/10.95 b; ^^W[]  \OMS/cmsy/
m/n/10.95 j[][]  \OML/cmm/m/it/10.95 g[]\OMS/cmsy/m/n/10.95 8\OML/cmm/m/it/10.9
5 i; \OT1/cmr/m/n/10.95 0 \OMS/cmsy/m/n/10.95 ^^T \OML/cmm/m/it/10.95 i < k[]^^
W[]  \OMS/cmsy/m/n/10.95 j[][]  \OML/cmm/m/it/10.95 f
 []

[15]) [16]

LaTeX Warning: Citation `r1' on page 17 undefined on input line 55.


LaTeX Warning: Citation `r2' on page 17 undefined on input line 60.


LaTeX Warning: Citation `r3' on page 17 undefined on input line 62.


LaTeX Warning: Citation `r4' on page 17 undefined on input line 64.


LaTeX Warning: Citation `r5' on page 17 undefined on input line 74.


LaTeX Warning: Citation `r6' on page 17 undefined on input line 81.


LaTeX Warning: Citation `r7' on page 17 undefined on input line 85.


LaTeX Warning: Citation `r7a' on page 17 undefined on input line 88.


LaTeX Warning: Citation `r7b' on page 17 undefined on input line 90.


LaTeX Warning: Citation `r8' on page 17 undefined on input line 91.


LaTeX Warning: Citation `r9' on page 17 undefined on input line 92.


LaTeX Warning: Citation `r10' on page 17 undefined on input line 94.


LaTeX Warning: Citation `r11' on page 17 undefined on input line 97.


LaTeX Warning: Citation `r12' on page 17 undefined on input line 98.


LaTeX Warning: Citation `r13' on page 17 undefined on input line 102.

[17]

LaTeX Warning: Citation `e1' on page 18 undefined on input line 107.


LaTeX Warning: Citation `e2' on page 18 undefined on input line 107.


LaTeX Warning: Citation `e3' on page 18 undefined on input line 108.


LaTeX Warning: Citation `e4' on page 18 undefined on input line 111.


LaTeX Warning: Citation `e5' on page 18 undefined on input line 113.

[18]

LaTeX Warning: Citation `e6' on page 19 undefined on input line 119.


LaTeX Warning: Citation `e7' on page 19 undefined on input line 121.


LaTeX Warning: Citation `e8' on page 19 undefined on input line 122.


LaTeX Warning: Citation `e9' on page 19 undefined on input line 123.

Missing character: There is no â in font cmr10!
Missing character: There is no € in font cmr10!
Missing character: There is no ™ in font cmr10!

LaTeX Warning: Citation `e10' on page 19 undefined on input line 130.


LaTeX Warning: Citation `e11' on page 19 undefined on input line 134.


LaTeX Warning: Citation `e12' on page 19 undefined on input line 134.


LaTeX Warning: Citation `e13' on page 19 undefined on input line 137.


LaTeX Warning: Citation `e14' on page 19 undefined on input line 142.


LaTeX Warning: Citation `e15' on page 19 undefined on input line 143.


LaTeX Warning: Citation `e16' on page 19 undefined on input line 144.


LaTeX Warning: Citation `e17' on page 19 undefined on input line 146.


LaTeX Warning: Citation `e18' on page 19 undefined on input line 151.


LaTeX Warning: Citation `e19' on page 19 undefined on input line 154.


LaTeX Warning: Citation `e20' on page 19 undefined on input line 155.

Missing character: There is no â in font cmr10!
Missing character: There is no € in font cmr10!
Missing character: There is no œ in font cmr10!
Missing character: There is no â in font cmr10!
Missing character: There is no € in font cmr10!
Missing character: There is no  in font cmr10!
Missing character: There is no â in font cmr10!
Missing character: There is no € in font cmr10!
Missing character: There is no œ in font cmr10!
Missing character: There is no â in font cmr10!
Missing character: There is no € in font cmr10!
Missing character: There is no  in font cmr10!
Missing character: There is no â in font cmr10!
Missing character: There is no € in font cmr10!
Missing character: There is no œ in font cmr10!
Missing character: There is no â in font cmr10!
Missing character: There is no € in font cmr10!
Missing character: There is no  in font cmr10!
Missing character: There is no â in font cmr10!
Missing character: There is no € in font cmr10!
Missing character: There is no œ in font cmr10!
Missing character: There is no â in font cmr10!
Missing character: There is no € in font cmr10!
Missing character: There is no  in font cmr10!

LaTeX Warning: Citation `e21' on page 19 undefined on input line 158.

[19]

LaTeX Warning: Citation `e22' on page 20 undefined on input line 163.

) [20] (./springer.aux (./dedic.aux))

LaTeX Warning: There were undefined references.


LaTeX Warning: There were multiply-defined labels.

 ) 
Here is how much of TeX's memory you used:
 2409 strings out of 495028
 32568 string characters out of 6181496
 101776 words of memory out of 5000000
 5563 multiletter control sequences out of 15000+600000
 12003 words of font info for 44 fonts, out of 8000000 for 9000
 14 hyphenation exceptions out of 8191
 37i,7n,24p,280b,258s stack positions out of 5000i,500n,10000p,200000b,80000s
</usr/share/texlive/texmf-dist/fonts/type1/public/amsfonts/cm/cmbx10.pfb></us
r/share/texlive/texmf-dist/fonts/type1/public/amsfonts/cm/cmbx12.pfb></usr/shar
e/texlive/texmf-dist/fonts/type1/public/amsfonts/cm/cmbx9.pfb></usr/share/texli
ve/texmf-dist/fonts/type1/public/amsfonts/cm/cmmi10.pfb></usr/share/texlive/tex
mf-dist/fonts/type1/public/amsfonts/cm/cmmi8.pfb></usr/share/texlive/texmf-dist
/fonts/type1/public/amsfonts/cm/cmr10.pfb></usr/share/texlive/texmf-dist/fonts/
type1/public/amsfonts/cm/cmr12.pfb></usr/share/texlive/texmf-dist/fonts/type1/p
ublic/amsfonts/cm/cmr17.pfb></usr/share/texlive/texmf-dist/fonts/type1/public/a
msfonts/cm/cmr8.pfb></usr/share/texlive/texmf-dist/fonts/type1/public/amsfonts/
cm/cmr9.pfb></usr/share/texlive/texmf-dist/fonts/type1/public/amsfonts/cm/cmsy1
0.pfb></usr/share/texlive/texmf-dist/fonts/type1/public/amsfonts/cm/cmsy8.pfb><
/usr/share/texlive/texmf-dist/fonts/type1/public/amsfonts/cm/cmti10.pfb></usr/s
hare/texlive/texmf-dist/fonts/type1/public/amsfonts/cm/cmti12.pfb></usr/share/t
exlive/texmf-dist/fonts/type1/public/amsfonts/symbols/msam10.pfb>
Output written on springer.pdf (26 pages, 332766 bytes).
PDF statistics:
 154 PDF objects out of 1000 (max. 8388607)
 104 compressed objects within 2 object streams
 0 named destinations out of 1000 (max. 500000)
 26 words of extra memory for PDF output out of 10000 (max. 10000000)

